<?xml version="1.0" encoding="UTF-8"?>
<!-- Generated by org.testng.reporters.JUnitReportReporter -->
<testsuite skipped="0" hostname="sasi" name="org.step_Definition.FlipkartProductSearch" tests="1" failures="0" timestamp="15 Feb 2025 06:26:11 GMT" time="30.795" errors="0">
  <testcase name="test1" time="30.795" classname="org.step_Definition.FlipkartProductSearch"/>
</testsuite> <!-- org.step_Definition.FlipkartProductSearch -->
