<?xml version="1.0" encoding="UTF-8"?>
<!-- Generated by org.testng.reporters.JUnitReportReporter -->
<testsuite skipped="0" hostname="sasi" name="org.adactinn.AdactinDelete" tests="7" failures="0" timestamp="02 Mar 2025 10:49:57 GMT" time="30.666" errors="0">
  <testcase name="Test3" time="1.043" classname="org.adactinn.AdactinDelete"/>
  <testcase name="test6" time="0.008" classname="org.adactinn.AdactinDelete"/>
  <testcase name="Test1" time="1.710" classname="org.adactinn.AdactinDelete"/>
  <testcase name="Test4" time="8.222" classname="org.adactinn.AdactinDelete"/>
  <testcase name="test6" time="0.008" classname="org.adactinn.AdactinDelete"/>
  <testcase name="Test2" time="2.821" classname="org.adactinn.AdactinDelete"/>
  <testcase name="Test5" time="16.854" classname="org.adactinn.AdactinDelete"/>
</testsuite> <!-- org.adactinn.AdactinDelete -->
