<?xml version="1.0" encoding="UTF-8"?>
<!-- Generated by org.testng.reporters.JUnitReportReporter -->
<testsuite skipped="0" hostname="sasi" name="org.adactinn.AdactinDelete" tests="5" failures="0" timestamp="02 Mar 2025 11:06:34 GMT" time="32.219" errors="0">
  <testcase name="Test2" time="3.196" classname="org.adactinn.AdactinDelete"/>
  <testcase name="Test1" time="2.157" classname="org.adactinn.AdactinDelete"/>
  <testcase name="Test3" time="1.114" classname="org.adactinn.AdactinDelete"/>
  <testcase name="Test4" time="8.577" classname="org.adactinn.AdactinDelete"/>
  <testcase name="Test5" time="17.175" classname="org.adactinn.AdactinDelete"/>
</testsuite> <!-- org.adactinn.AdactinDelete -->
